D:\repos\PandaWikiProj\PandaWiki\dist\out-tsc\e2e\app.po.js
D:\repos\PandaWikiProj\PandaWiki\dist\out-tsc\e2e\app.po.js.map
D:\repos\PandaWikiProj\PandaWiki\dist\out-tsc\e2e\app.e2e-spec.js
D:\repos\PandaWikiProj\PandaWiki\dist\out-tsc\e2e\app.e2e-spec.js.map
D:\repos\PandaWikiProj\PandaWiki\dist\out-tsc\src\app\authenticate-xhr.backend.js
D:\repos\PandaWikiProj\PandaWiki\dist\out-tsc\src\app\authenticate-xhr.backend.js.map
D:\repos\PandaWikiProj\PandaWiki\dist\out-tsc\src\app\home\home.component.js
D:\repos\PandaWikiProj\PandaWiki\dist\out-tsc\src\app\home\home.component.js.map
D:\repos\PandaWikiProj\PandaWiki\dist\out-tsc\src\app\app.routing.js
D:\repos\PandaWikiProj\PandaWiki\dist\out-tsc\src\app\app.routing.js.map
D:\repos\PandaWikiProj\PandaWiki\dist\out-tsc\src\app\app.component.js
D:\repos\PandaWikiProj\PandaWiki\dist\out-tsc\src\app\app.component.js.map
D:\repos\PandaWikiProj\PandaWiki\dist\out-tsc\src\app\shared\models\user.registration.interface.js
D:\repos\PandaWikiProj\PandaWiki\dist\out-tsc\src\app\shared\models\user.registration.interface.js.map
D:\repos\PandaWikiProj\PandaWiki\dist\out-tsc\src\app\shared\utils\config.service.js
D:\repos\PandaWikiProj\PandaWiki\dist\out-tsc\src\app\shared\utils\config.service.js.map
D:\repos\PandaWikiProj\PandaWiki\dist\out-tsc\src\app\shared\services\base.service.js
D:\repos\PandaWikiProj\PandaWiki\dist\out-tsc\src\app\shared\services\base.service.js.map
D:\repos\PandaWikiProj\PandaWiki\dist\out-tsc\src\app\shared\services\user.service.js
D:\repos\PandaWikiProj\PandaWiki\dist\out-tsc\src\app\shared\services\user.service.js.map
D:\repos\PandaWikiProj\PandaWiki\dist\out-tsc\src\app\header-index\header.component.js
D:\repos\PandaWikiProj\PandaWiki\dist\out-tsc\src\app\header-index\header.component.js.map
D:\repos\PandaWikiProj\PandaWiki\dist\out-tsc\src\app\directives\focus.directive.js
D:\repos\PandaWikiProj\PandaWiki\dist\out-tsc\src\app\directives\focus.directive.js.map
D:\repos\PandaWikiProj\PandaWiki\dist\out-tsc\src\app\spinner\spinner.component.js
D:\repos\PandaWikiProj\PandaWiki\dist\out-tsc\src\app\spinner\spinner.component.js.map
D:\repos\PandaWikiProj\PandaWiki\dist\out-tsc\src\app\shared\modules\shared.module.js
D:\repos\PandaWikiProj\PandaWiki\dist\out-tsc\src\app\shared\modules\shared.module.js.map
D:\repos\PandaWikiProj\PandaWiki\dist\out-tsc\src\app\directives\email.validator.directive.js
D:\repos\PandaWikiProj\PandaWiki\dist\out-tsc\src\app\directives\email.validator.directive.js.map
D:\repos\PandaWikiProj\PandaWiki\dist\out-tsc\src\app\account\registration-form\registration-form.component.js
D:\repos\PandaWikiProj\PandaWiki\dist\out-tsc\src\app\account\registration-form\registration-form.component.js.map
D:\repos\PandaWikiProj\PandaWiki\dist\out-tsc\src\app\shared\models\credentials.interface.js
D:\repos\PandaWikiProj\PandaWiki\dist\out-tsc\src\app\shared\models\credentials.interface.js.map
D:\repos\PandaWikiProj\PandaWiki\dist\out-tsc\src\app\account\login-form\login-form.component.js
D:\repos\PandaWikiProj\PandaWiki\dist\out-tsc\src\app\account\login-form\login-form.component.js.map
D:\repos\PandaWikiProj\PandaWiki\dist\out-tsc\src\app\account\facebook-login\facebook-login.component.js
D:\repos\PandaWikiProj\PandaWiki\dist\out-tsc\src\app\account\facebook-login\facebook-login.component.js.map
D:\repos\PandaWikiProj\PandaWiki\dist\out-tsc\src\app\account\account.routing.js
D:\repos\PandaWikiProj\PandaWiki\dist\out-tsc\src\app\account\account.routing.js.map
D:\repos\PandaWikiProj\PandaWiki\dist\out-tsc\src\app\account\account.module.js
D:\repos\PandaWikiProj\PandaWiki\dist\out-tsc\src\app\account\account.module.js.map
D:\repos\PandaWikiProj\PandaWiki\dist\out-tsc\src\app\dashboard\root\root.component.js
D:\repos\PandaWikiProj\PandaWiki\dist\out-tsc\src\app\dashboard\root\root.component.js.map
D:\repos\PandaWikiProj\PandaWiki\dist\out-tsc\src\app\dashboard\models\home.details.interface.js
D:\repos\PandaWikiProj\PandaWiki\dist\out-tsc\src\app\dashboard\models\home.details.interface.js.map
D:\repos\PandaWikiProj\PandaWiki\dist\out-tsc\src\app\dashboard\services\dashboard.service.js
D:\repos\PandaWikiProj\PandaWiki\dist\out-tsc\src\app\dashboard\services\dashboard.service.js.map
D:\repos\PandaWikiProj\PandaWiki\dist\out-tsc\src\app\dashboard\home\home.component.js
D:\repos\PandaWikiProj\PandaWiki\dist\out-tsc\src\app\dashboard\home\home.component.js.map
D:\repos\PandaWikiProj\PandaWiki\dist\out-tsc\src\app\dashboard\settings\settings.component.js
D:\repos\PandaWikiProj\PandaWiki\dist\out-tsc\src\app\dashboard\settings\settings.component.js.map
D:\repos\PandaWikiProj\PandaWiki\dist\out-tsc\src\app\auth.guard.js
D:\repos\PandaWikiProj\PandaWiki\dist\out-tsc\src\app\auth.guard.js.map
D:\repos\PandaWikiProj\PandaWiki\dist\out-tsc\src\app\dashboard\dashboard.routing.js
D:\repos\PandaWikiProj\PandaWiki\dist\out-tsc\src\app\dashboard\dashboard.routing.js.map
D:\repos\PandaWikiProj\PandaWiki\dist\out-tsc\src\app\dashboard\dashboard.module.js
D:\repos\PandaWikiProj\PandaWiki\dist\out-tsc\src\app\dashboard\dashboard.module.js.map
D:\repos\PandaWikiProj\PandaWiki\dist\out-tsc\src\app\app.module.js
D:\repos\PandaWikiProj\PandaWiki\dist\out-tsc\src\app\app.module.js.map
D:\repos\PandaWikiProj\PandaWiki\dist\out-tsc\src\environments\environment.js
D:\repos\PandaWikiProj\PandaWiki\dist\out-tsc\src\environments\environment.js.map
D:\repos\PandaWikiProj\PandaWiki\dist\out-tsc\src\main.js
D:\repos\PandaWikiProj\PandaWiki\dist\out-tsc\src\main.js.map
D:\repos\PandaWikiProj\PandaWiki\dist\out-tsc\src\polyfills.js
D:\repos\PandaWikiProj\PandaWiki\dist\out-tsc\src\polyfills.js.map
D:\repos\PandaWikiProj\PandaWiki\dist\out-tsc\src\test.js
D:\repos\PandaWikiProj\PandaWiki\dist\out-tsc\src\test.js.map
D:\repos\PandaWikiProj\PandaWiki\dist\out-tsc\src\app\app.component.spec.js
D:\repos\PandaWikiProj\PandaWiki\dist\out-tsc\src\app\app.component.spec.js.map
D:\repos\PandaWikiProj\PandaWiki\dist\out-tsc\src\environments\environment.prod.js
D:\repos\PandaWikiProj\PandaWiki\dist\out-tsc\src\environments\environment.prod.js.map
D:\repos\PandaWikiProj\PandaWiki\dist\out-tsc\src\app\header-index\header.component.spec.js
D:\repos\PandaWikiProj\PandaWiki\dist\out-tsc\src\app\header-index\header.component.spec.js.map
D:\repos\PandaWikiProj\PandaWiki\dist\out-tsc\src\app\header-main\header.component.spec.js
D:\repos\PandaWikiProj\PandaWiki\dist\out-tsc\src\app\header-main\header.component.spec.js.map
D:\repos\PandaWikiProj\PandaWiki\dist\out-tsc\src\app\header-main\header.component.js
D:\repos\PandaWikiProj\PandaWiki\dist\out-tsc\src\app\header-main\header.component.js.map
D:\repos\PandaWikiProj\PandaWiki\dist\out-tsc\src\app\home\home.component.spec.js
D:\repos\PandaWikiProj\PandaWiki\dist\out-tsc\src\app\home\home.component.spec.js.map
D:\repos\PandaWikiProj\PandaWiki\dist\out-tsc\src\app\spinner\spinner.component.spec.js
D:\repos\PandaWikiProj\PandaWiki\dist\out-tsc\src\app\spinner\spinner.component.spec.js.map
D:\repos\PandaWikiProj\PandaWiki\dist\out-tsc\src\app\account\facebook-login\facebook-login.component.spec.js
D:\repos\PandaWikiProj\PandaWiki\dist\out-tsc\src\app\account\facebook-login\facebook-login.component.spec.js.map
D:\repos\PandaWikiProj\PandaWiki\dist\out-tsc\src\app\account\login-form\login-form.component.spec.js
D:\repos\PandaWikiProj\PandaWiki\dist\out-tsc\src\app\account\login-form\login-form.component.spec.js.map
D:\repos\PandaWikiProj\PandaWiki\dist\out-tsc\src\app\account\registration-form\registration-form.component.spec.js
D:\repos\PandaWikiProj\PandaWiki\dist\out-tsc\src\app\account\registration-form\registration-form.component.spec.js.map
D:\repos\PandaWikiProj\PandaWiki\dist\out-tsc\src\app\dashboard\home\home.component.spec.js
D:\repos\PandaWikiProj\PandaWiki\dist\out-tsc\src\app\dashboard\home\home.component.spec.js.map
D:\repos\PandaWikiProj\PandaWiki\dist\out-tsc\src\app\dashboard\root\root.component.spec.js
D:\repos\PandaWikiProj\PandaWiki\dist\out-tsc\src\app\dashboard\root\root.component.spec.js.map
D:\repos\PandaWikiProj\PandaWiki\dist\out-tsc\src\app\dashboard\settings\settings.component.spec.js
D:\repos\PandaWikiProj\PandaWiki\dist\out-tsc\src\app\dashboard\settings\settings.component.spec.js.map
